This is pdfTeX, Version 3.14159265-2.6-1.40.20 (TeX Live 2019/Debian) (preloaded format=pdflatex 2021.8.22)  27 OCT 2022 14:01
entering extended mode
 restricted \write18 enabled.
 %&-line parsing enabled.
**draft.tex
(./draft.tex
LaTeX2e <2020-02-02> patch level 2
L3 programming layer <2020-02-14> (/usr/share/texlive/texmf-dist/tex/latex/base
/article.cls
Document Class: article 2019/12/20 v1.4l Standard LaTeX document class
(/usr/share/texlive/texmf-dist/tex/latex/base/size11.clo
File: size11.clo 2019/12/20 v1.4l Standard LaTeX file (size option)
)
\c@part=\count167
\c@section=\count168
\c@subsection=\count169
\c@subsubsection=\count170
\c@paragraph=\count171
\c@subparagraph=\count172
\c@figure=\count173
\c@table=\count174
\abovecaptionskip=\skip47
\belowcaptionskip=\skip48
\bibindent=\dimen134
) (/usr/share/texlive/texmf-dist/tex/latex/amsmath/amsmath.sty
Package: amsmath 2020/01/20 v2.17e AMS math features
\@mathmargin=\skip49
For additional information on amsmath, use the `?' option.
(/usr/share/texlive/texmf-dist/tex/latex/amsmath/amstext.sty
Package: amstext 2000/06/29 v2.01 AMS text
(/usr/share/texlive/texmf-dist/tex/latex/amsmath/amsgen.sty
File: amsgen.sty 1999/11/30 v2.0 generic functions
\@emptytoks=\toks14
\ex@=\dimen135
)) (/usr/share/texlive/texmf-dist/tex/latex/amsmath/amsbsy.sty
Package: amsbsy 1999/11/29 v1.2d Bold Symbols
\pmbraise@=\dimen136
) (/usr/share/texlive/texmf-dist/tex/latex/amsmath/amsopn.sty
Package: amsopn 2016/03/08 v2.02 operator names
)
\inf@bad=\count175
LaTeX Info: Redefining \frac on input line 227.
\uproot@=\count176
\leftroot@=\count177
LaTeX Info: Redefining \overline on input line 389.
\classnum@=\count178
\DOTSCASE@=\count179
LaTeX Info: Redefining \ldots on input line 486.
LaTeX Info: Redefining \dots on input line 489.
LaTeX Info: Redefining \cdots on input line 610.
\Mathstrutbox@=\box45
\strutbox@=\box46
\big@size=\dimen137
LaTeX Font Info:    Redeclaring font encoding OML on input line 733.
LaTeX Font Info:    Redeclaring font encoding OMS on input line 734.
\macc@depth=\count180
\c@MaxMatrixCols=\count181
\dotsspace@=\muskip16
\c@parentequation=\count182
\dspbrk@lvl=\count183
\tag@help=\toks15
\row@=\count184
\column@=\count185
\maxfields@=\count186
\andhelp@=\toks16
\eqnshift@=\dimen138
\alignsep@=\dimen139
\tagshift@=\dimen140
\tagwidth@=\dimen141
\totwidth@=\dimen142
\lineht@=\dimen143
\@envbody=\toks17
\multlinegap=\skip50
\multlinetaggap=\skip51
\mathdisplay@stack=\toks18
LaTeX Info: Redefining \[ on input line 2859.
LaTeX Info: Redefining \] on input line 2860.
) (/usr/share/texlive/texmf-dist/tex/latex/amsfonts/amssymb.sty
Package: amssymb 2013/01/14 v3.01 AMS font symbols
(/usr/share/texlive/texmf-dist/tex/latex/amsfonts/amsfonts.sty
Package: amsfonts 2013/01/14 v3.01 Basic AMSFonts support
\symAMSa=\mathgroup4
\symAMSb=\mathgroup5
LaTeX Font Info:    Redeclaring math symbol \hbar on input line 98.
LaTeX Font Info:    Overwriting math alphabet `\mathfrak' in version `bold'
(Font)                  U/euf/m/n --> U/euf/b/n on input line 106.
)) (/usr/share/texmf/tex/latex/lm/lmodern.sty
Package: lmodern 2009/10/30 v1.6 Latin Modern Fonts
LaTeX Font Info:    Overwriting symbol font `operators' in version `normal'
(Font)                  OT1/cmr/m/n --> OT1/lmr/m/n on input line 22.
LaTeX Font Info:    Overwriting symbol font `letters' in version `normal'
(Font)                  OML/cmm/m/it --> OML/lmm/m/it on input line 23.
LaTeX Font Info:    Overwriting symbol font `symbols' in version `normal'
(Font)                  OMS/cmsy/m/n --> OMS/lmsy/m/n on input line 24.
LaTeX Font Info:    Overwriting symbol font `largesymbols' in version `normal'
(Font)                  OMX/cmex/m/n --> OMX/lmex/m/n on input line 25.
LaTeX Font Info:    Overwriting symbol font `operators' in version `bold'
(Font)                  OT1/cmr/bx/n --> OT1/lmr/bx/n on input line 26.
LaTeX Font Info:    Overwriting symbol font `letters' in version `bold'
(Font)                  OML/cmm/b/it --> OML/lmm/b/it on input line 27.
LaTeX Font Info:    Overwriting symbol font `symbols' in version `bold'
(Font)                  OMS/cmsy/b/n --> OMS/lmsy/b/n on input line 28.
LaTeX Font Info:    Overwriting symbol font `largesymbols' in version `bold'
(Font)                  OMX/cmex/m/n --> OMX/lmex/m/n on input line 29.
LaTeX Font Info:    Overwriting math alphabet `\mathbf' in version `normal'
(Font)                  OT1/cmr/bx/n --> OT1/lmr/bx/n on input line 31.
LaTeX Font Info:    Overwriting math alphabet `\mathsf' in version `normal'
(Font)                  OT1/cmss/m/n --> OT1/lmss/m/n on input line 32.
LaTeX Font Info:    Overwriting math alphabet `\mathit' in version `normal'
(Font)                  OT1/cmr/m/it --> OT1/lmr/m/it on input line 33.
LaTeX Font Info:    Overwriting math alphabet `\mathtt' in version `normal'
(Font)                  OT1/cmtt/m/n --> OT1/lmtt/m/n on input line 34.
LaTeX Font Info:    Overwriting math alphabet `\mathbf' in version `bold'
(Font)                  OT1/cmr/bx/n --> OT1/lmr/bx/n on input line 35.
LaTeX Font Info:    Overwriting math alphabet `\mathsf' in version `bold'
(Font)                  OT1/cmss/bx/n --> OT1/lmss/bx/n on input line 36.
LaTeX Font Info:    Overwriting math alphabet `\mathit' in version `bold'
(Font)                  OT1/cmr/bx/it --> OT1/lmr/bx/it on input line 37.
LaTeX Font Info:    Overwriting math alphabet `\mathtt' in version `bold'
(Font)                  OT1/cmtt/m/n --> OT1/lmtt/m/n on input line 38.
) (/usr/share/texlive/texmf-dist/tex/generic/iftex/iftex.sty
Package: iftex 2019/11/07 v1.0c TeX engine tests
) (/usr/share/texlive/texmf-dist/tex/latex/base/fontenc.sty
Package: fontenc 2020/02/11 v2.0o Standard LaTeX package
LaTeX Font Info:    Trying to load font information for T1+lmr on input line 11
2.
(/usr/share/texmf/tex/latex/lm/t1lmr.fd
File: t1lmr.fd 2009/10/30 v1.6 Font defs for Latin Modern
)) (/usr/share/texlive/texmf-dist/tex/latex/base/inputenc.sty
Package: inputenc 2018/08/11 v1.3c Input encoding file
\inpenc@prehook=\toks19
\inpenc@posthook=\toks20
) (/usr/share/texlive/texmf-dist/tex/latex/base/textcomp.sty
Package: textcomp 2020/02/02 v2.0n Standard LaTeX package
) (/usr/share/texlive/texmf-dist/tex/latex/upquote/upquote.sty
Package: upquote 2012/04/19 v1.3 upright-quote and grave-accent glyphs in verba
tim
) (/usr/share/texlive/texmf-dist/tex/latex/microtype/microtype.sty
Package: microtype 2019/11/18 v2.7d Micro-typographical refinements (RS)
(/usr/share/texlive/texmf-dist/tex/latex/graphics/keyval.sty
Package: keyval 2014/10/28 v1.15 key=value parser (DPC)
\KV@toks@=\toks21
)
\MT@toks=\toks22
\MT@count=\count187
LaTeX Info: Redefining \textls on input line 790.
\MT@outer@kern=\dimen144
LaTeX Info: Redefining \textmicrotypecontext on input line 1354.
\MT@listname@count=\count188
(/usr/share/texlive/texmf-dist/tex/latex/microtype/microtype-pdftex.def
File: microtype-pdftex.def 2019/11/18 v2.7d Definitions specific to pdftex (RS)

LaTeX Info: Redefining \lsstyle on input line 914.
LaTeX Info: Redefining \lslig on input line 914.
\MT@outer@space=\skip52
)
Package microtype Info: Loading configuration file microtype.cfg.
(/usr/share/texlive/texmf-dist/tex/latex/microtype/microtype.cfg
File: microtype.cfg 2019/11/18 v2.7d microtype main configuration file (RS)
)) (/usr/share/texlive/texmf-dist/tex/latex/parskip/parskip.sty
Package: parskip 2020-01-22 v2.0d non-zero parskip adjustments
(/usr/share/texlive/texmf-dist/tex/latex/kvoptions/kvoptions.sty
Package: kvoptions 2019/11/29 v3.13 Key value format for package options (HO)
(/usr/share/texlive/texmf-dist/tex/generic/ltxcmds/ltxcmds.sty
Package: ltxcmds 2019/12/15 v1.24 LaTeX kernel commands for general use (HO)
) (/usr/share/texlive/texmf-dist/tex/generic/kvsetkeys/kvsetkeys.sty
Package: kvsetkeys 2019/12/15 v1.18 Key value parser (HO)
)) (/usr/share/texlive/texmf-dist/tex/latex/etoolbox/etoolbox.sty
Package: etoolbox 2019/09/21 v2.5h e-TeX tools for LaTeX (JAW)
\etb@tempcnta=\count189
)) (/usr/share/texlive/texmf-dist/tex/latex/xcolor/xcolor.sty
Package: xcolor 2016/05/11 v2.12 LaTeX color extensions (UK)
(/usr/share/texlive/texmf-dist/tex/latex/graphics-cfg/color.cfg
File: color.cfg 2016/01/02 v1.6 sample color configuration
)
Package xcolor Info: Driver file: pdftex.def on input line 225.
(/usr/share/texlive/texmf-dist/tex/latex/graphics-def/pdftex.def
File: pdftex.def 2018/01/08 v1.0l Graphics/color driver for pdftex
)
Package xcolor Info: Model `cmy' substituted by `cmy0' on input line 1348.
Package xcolor Info: Model `hsb' substituted by `rgb' on input line 1352.
Package xcolor Info: Model `RGB' extended on input line 1364.
Package xcolor Info: Model `HTML' substituted by `rgb' on input line 1366.
Package xcolor Info: Model `Hsb' substituted by `hsb' on input line 1367.
Package xcolor Info: Model `tHsb' substituted by `hsb' on input line 1368.
Package xcolor Info: Model `HSB' substituted by `hsb' on input line 1369.
Package xcolor Info: Model `Gray' substituted by `gray' on input line 1370.
Package xcolor Info: Model `wave' substituted by `hsb' on input line 1371.
(/usr/share/texlive/texmf-dist/tex/latex/graphics/dvipsnam.def
File: dvipsnam.def 2016/06/17 v3.0m Driver-dependent file (DPC,SPQR)
) (/usr/share/texlive/texmf-dist/tex/latex/xcolor/svgnam.def
File: svgnam.def 2016/05/11 v2.12 Predefined colors according to SVG 1.1 (UK)
) (/usr/share/texlive/texmf-dist/tex/latex/xcolor/x11nam.def
File: x11nam.def 2016/05/11 v2.12 Predefined colors according to Unix/X11 (UK)
)) (/usr/share/texlive/texmf-dist/tex/latex/geometry/geometry.sty
Package: geometry 2020/01/02 v5.9 Page Geometry
(/usr/share/texlive/texmf-dist/tex/generic/iftex/ifvtex.sty
Package: ifvtex 2019/10/25 v1.7 ifvtex legacy package. Use iftex instead.
)
\Gm@cnth=\count190
\Gm@cntv=\count191
\c@Gm@tempcnt=\count192
\Gm@bindingoffset=\dimen145
\Gm@wd@mp=\dimen146
\Gm@odd@mp=\dimen147
\Gm@even@mp=\dimen148
\Gm@layoutwidth=\dimen149
\Gm@layoutheight=\dimen150
\Gm@layouthoffset=\dimen151
\Gm@layoutvoffset=\dimen152
\Gm@dimlist=\toks23
) (/usr/share/texlive/texmf-dist/tex/latex/tools/longtable.sty
Package: longtable 2020/01/07 v4.13 Multi-page Table package (DPC)
\LTleft=\skip53
\LTright=\skip54
\LTpre=\skip55
\LTpost=\skip56
\LTchunksize=\count193
\LTcapwidth=\dimen153
\LT@head=\box47
\LT@firsthead=\box48
\LT@foot=\box49
\LT@lastfoot=\box50
\LT@cols=\count194
\LT@rows=\count195
\c@LT@tables=\count196
\c@LT@chunks=\count197
\LT@p@ftn=\toks24
) (/usr/share/texlive/texmf-dist/tex/latex/booktabs/booktabs.sty
Package: booktabs 2020/01/12 v1.61803398 Publication quality tables
\heavyrulewidth=\dimen154
\lightrulewidth=\dimen155
\cmidrulewidth=\dimen156
\belowrulesep=\dimen157
\belowbottomsep=\dimen158
\aboverulesep=\dimen159
\abovetopsep=\dimen160
\cmidrulesep=\dimen161
\cmidrulekern=\dimen162
\defaultaddspace=\dimen163
\@cmidla=\count198
\@cmidlb=\count199
\@aboverulesep=\dimen164
\@belowrulesep=\dimen165
\@thisruleclass=\count266
\@lastruleclass=\count267
\@thisrulewidth=\dimen166
) (/usr/share/texlive/texmf-dist/tex/latex/tools/array.sty
Package: array 2019/08/31 v2.4l Tabular extension package (FMi)
\col@sep=\dimen167
\ar@mcellbox=\box51
\extrarowheight=\dimen168
\NC@list=\toks25
\extratabsurround=\skip57
\backup@length=\skip58
\ar@cellbox=\box52
) (/usr/share/texlive/texmf-dist/tex/latex/tools/calc.sty
Package: calc 2017/05/25 v4.3 Infix arithmetic (KKT,FJ)
\calc@Acount=\count268
\calc@Bcount=\count269
\calc@Adimen=\dimen169
\calc@Bdimen=\dimen170
\calc@Askip=\skip59
\calc@Bskip=\skip60
LaTeX Info: Redefining \setlength on input line 80.
LaTeX Info: Redefining \addtolength on input line 81.
\calc@Ccount=\count270
\calc@Cskip=\skip61
) (/usr/share/texlive/texmf-dist/tex/latex/footnotehyper/footnotehyper.sty
Package: footnotehyper 2019/11/07 v1.1a hyperref aware footnote.sty (JFB)
\FNH@notes=\box53
\FNH@width=\dimen171
) (/usr/share/texlive/texmf-dist/tex/latex/graphics/graphicx.sty
Package: graphicx 2019/11/30 v1.2a Enhanced LaTeX Graphics (DPC,SPQR)
(/usr/share/texlive/texmf-dist/tex/latex/graphics/graphics.sty
Package: graphics 2019/11/30 v1.4a Standard LaTeX Graphics (DPC,SPQR)
(/usr/share/texlive/texmf-dist/tex/latex/graphics/trig.sty
Package: trig 2016/01/03 v1.10 sin cos tan (DPC)
) (/usr/share/texlive/texmf-dist/tex/latex/graphics-cfg/graphics.cfg
File: graphics.cfg 2016/06/04 v1.11 sample graphics configuration
)
Package graphics Info: Driver file: pdftex.def on input line 105.
)
\Gin@req@height=\dimen172
\Gin@req@width=\dimen173
) (/usr/share/texlive/texmf-dist/tex/latex/setspace/setspace.sty
Package: setspace 2011/12/19 v6.7a set line spacing
) (/usr/share/texlive/texmf-dist/tex/latex/float/float.sty
Package: float 2001/11/08 v1.3d Float enhancements (AL)
\c@float@type=\count271
\float@exts=\toks26
\float@box=\box54
\@float@everytoks=\toks27
\@floatcapt=\box55
) (/usr/share/texlive/texmf-dist/tex/latex/mathtools/mathtools.sty
Package: mathtools 2020/01/17 v1.23 mathematical typesetting tools
(/usr/share/texlive/texmf-dist/tex/latex/mathtools/mhsetup.sty
Package: mhsetup 2017/03/31 v1.3 programming setup (MH)
)
LaTeX Info: Thecontrolsequence`\('isalreadyrobust on input line 129.
LaTeX Info: Thecontrolsequence`\)'isalreadyrobust on input line 129.
LaTeX Info: Thecontrolsequence`\['isalreadyrobust on input line 129.
LaTeX Info: Thecontrolsequence`\]'isalreadyrobust on input line 129.
\g_MT_multlinerow_int=\count272
\l_MT_multwidth_dim=\dimen174
\origjot=\skip62
\l_MT_shortvdotswithinadjustabove_dim=\dimen175
\l_MT_shortvdotswithinadjustbelow_dim=\dimen176
\l_MT_above_intertext_sep=\dimen177
\l_MT_below_intertext_sep=\dimen178
\l_MT_above_shortintertext_sep=\dimen179
\l_MT_below_shortintertext_sep=\dimen180
) (/usr/share/texlive/texmf-dist/tex/latex/natbib/natbib.sty
Package: natbib 2010/09/13 8.31b (PWD, AO)
\bibhang=\skip63
\bibsep=\skip64
LaTeX Info: Redefining \cite on input line 694.
\c@NAT@ctr=\count273
) (/usr/share/texlive/texmf-dist/tex/latex/algorithm2e/algorithm2e.sty
Package: algorithm2e 2017/07/18 v5.2 algorithms environments
\c@AlgoLine=\count274
(/usr/share/texlive/texmf-dist/tex/latex/base/ifthen.sty
Package: ifthen 2014/09/29 v1.1c Standard LaTeX ifthen package (DPC)
)
\algocf@hangindent=\skip65
(/usr/share/texlive/texmf-dist/tex/latex/ifoddpage/ifoddpage.sty
Package: ifoddpage 2016/04/23 v1.1 Conditionals for odd/even page detection
\c@checkoddpage=\count275
) (/usr/share/texlive/texmf-dist/tex/latex/tools/xspace.sty
Package: xspace 2014/10/28 v1.13 Space after command names (DPC,MH)
) (/usr/share/texlive/texmf-dist/tex/latex/relsize/relsize.sty
Package: relsize 2013/03/29 ver 4.1
)
\skiptotal=\skip66
\skiplinenumber=\skip67
\skiprule=\skip68
\skiphlne=\skip69
\skiptext=\skip70
\skiplength=\skip71
\algomargin=\skip72
\skipalgocfslide=\skip73
\algowidth=\dimen181
\inoutsize=\dimen182
\inoutindent=\dimen183
\interspacetitleruled=\dimen184
\interspacealgoruled=\dimen185
\interspacetitleboxruled=\dimen186
\algocf@ruledwidth=\skip74
\algocf@inoutbox=\box56
\algocf@inputbox=\box57
\AlCapSkip=\skip75
\AlCapHSkip=\skip76
\algoskipindent=\skip77
\algocf@nlbox=\box58
\algocf@hangingbox=\box59
\algocf@untilbox=\box60
\algocf@skipuntil=\skip78
\algocf@capbox=\box61
\algocf@lcaptionbox=\skip79
\algoheightruledefault=\skip80
\algoheightrule=\skip81
\algotitleheightruledefault=\skip82
\algotitleheightrule=\skip83
\c@algocfline=\count276
\c@algocfproc=\count277
\c@algocf=\count278
\algocf@algoframe=\box62
\algocf@algobox=\box63
) (/usr/share/texlive/texmf-dist/tex/latex/tools/verbatim.sty
Package: verbatim 2019/11/10 v1.5r LaTeX2e package for verbatim enhancements
\every@verbatim=\toks28
\verbatim@line=\toks29
\verbatim@in@stream=\read2
) (/usr/share/texlive/texmf-dist/tex/latex/amscls/amsthm.sty
Package: amsthm 2017/10/31 v2.20.4
\thm@style=\toks30
\thm@bodyfont=\toks31
\thm@headfont=\toks32
\thm@notefont=\toks33
\thm@headpunct=\toks34
\thm@preskip=\skip84
\thm@postskip=\skip85
\thm@headsep=\skip86
\dth@everypar=\toks35
) (/usr/share/texlive/texmf-dist/tex/latex/comment/comment.sty
\CommentStream=\write3
Excluding comment 'comment') (/usr/share/texlive/texmf-dist/tex/latex/bookmark/
bookmark.sty
Package: bookmark 2019/12/03 v1.28 PDF bookmarks (HO)
(/usr/share/texlive/texmf-dist/tex/latex/hyperref/hyperref.sty
Package: hyperref 2020/01/14 v7.00d Hypertext links for LaTeX
(/usr/share/texlive/texmf-dist/tex/latex/pdftexcmds/pdftexcmds.sty
Package: pdftexcmds 2019/11/24 v0.31 Utility functions of pdfTeX for LuaTeX (HO
)
(/usr/share/texlive/texmf-dist/tex/generic/infwarerr/infwarerr.sty
Package: infwarerr 2019/12/03 v1.5 Providing info/warning/error messages (HO)
)
Package pdftexcmds Info: \pdf@primitive is available.
Package pdftexcmds Info: \pdf@ifprimitive is available.
Package pdftexcmds Info: \pdfdraftmode found.
) (/usr/share/texlive/texmf-dist/tex/generic/kvdefinekeys/kvdefinekeys.sty
Package: kvdefinekeys 2019-12-19 v1.6 Define keys (HO)
) (/usr/share/texlive/texmf-dist/tex/generic/pdfescape/pdfescape.sty
Package: pdfescape 2019/12/09 v1.15 Implements pdfTeX's escape features (HO)
) (/usr/share/texlive/texmf-dist/tex/latex/hycolor/hycolor.sty
Package: hycolor 2020-01-27 v1.10 Color options for hyperref/bookmark (HO)
) (/usr/share/texlive/texmf-dist/tex/latex/letltxmacro/letltxmacro.sty
Package: letltxmacro 2019/12/03 v1.6 Let assignment for LaTeX macros (HO)
) (/usr/share/texlive/texmf-dist/tex/latex/auxhook/auxhook.sty
Package: auxhook 2019-12-17 v1.6 Hooks for auxiliary files (HO)
)
\@linkdim=\dimen187
\Hy@linkcounter=\count279
\Hy@pagecounter=\count280
(/usr/share/texlive/texmf-dist/tex/latex/hyperref/pd1enc.def
File: pd1enc.def 2020/01/14 v7.00d Hyperref: PDFDocEncoding definition (HO)
Now handling font encoding PD1 ...
... no UTF-8 mapping file for font encoding PD1
) (/usr/share/texlive/texmf-dist/tex/generic/intcalc/intcalc.sty
Package: intcalc 2019/12/15 v1.3 Expandable calculations with integers (HO)
) (/usr/share/texlive/texmf-dist/tex/generic/etexcmds/etexcmds.sty
Package: etexcmds 2019/12/15 v1.7 Avoid name clashes with e-TeX commands (HO)
)
\Hy@SavedSpaceFactor=\count281
\pdfmajorversion=\count282
Package hyperref Info: Option `unicode' set `true' on input line 4421.
(/usr/share/texlive/texmf-dist/tex/latex/hyperref/puenc.def
File: puenc.def 2020/01/14 v7.00d Hyperref: PDF Unicode definition (HO)
Now handling font encoding PU ...
... no UTF-8 mapping file for font encoding PU
)
Package hyperref Info: Hyper figures OFF on input line 4547.
Package hyperref Info: Link nesting OFF on input line 4552.
Package hyperref Info: Hyper index ON on input line 4555.
Package hyperref Info: Plain pages OFF on input line 4562.
Package hyperref Info: Backreferencing OFF on input line 4567.
Package hyperref Info: Implicit mode ON; LaTeX internals redefined.
Package hyperref Info: Bookmarks ON on input line 4800.
\c@Hy@tempcnt=\count283
(/usr/share/texlive/texmf-dist/tex/latex/url/url.sty
\Urlmuskip=\muskip17
Package: url 2013/09/16  ver 3.4  Verb mode for urls, etc.
)
LaTeX Info: Redefining \url on input line 5159.
\XeTeXLinkMargin=\dimen188
(/usr/share/texlive/texmf-dist/tex/generic/bitset/bitset.sty
Package: bitset 2019/12/09 v1.3 Handle bit-vector datatype (HO)
(/usr/share/texlive/texmf-dist/tex/generic/bigintcalc/bigintcalc.sty
Package: bigintcalc 2019/12/15 v1.5 Expandable calculations on big integers (HO
)
))
\Fld@menulength=\count284
\Field@Width=\dimen189
\Fld@charsize=\dimen190
Package hyperref Info: Hyper figures OFF on input line 6430.
Package hyperref Info: Link nesting OFF on input line 6435.
Package hyperref Info: Hyper index ON on input line 6438.
Package hyperref Info: backreferencing OFF on input line 6445.
Package hyperref Info: Link coloring OFF on input line 6450.
Package hyperref Info: Link coloring with OCG OFF on input line 6455.
Package hyperref Info: PDF/A mode OFF on input line 6460.
LaTeX Info: Redefining \ref on input line 6500.
LaTeX Info: Redefining \pageref on input line 6504.
(/usr/share/texlive/texmf-dist/tex/generic/atbegshi/atbegshi.sty
Package: atbegshi 2019/12/05 v1.19 At begin shipout hook (HO)
)
\Hy@abspage=\count285
\c@Item=\count286
\c@Hfootnote=\count287
)
Package hyperref Info: Driver (autodetected): hpdftex.
(/usr/share/texlive/texmf-dist/tex/latex/hyperref/hpdftex.def
File: hpdftex.def 2020/01/14 v7.00d Hyperref driver for pdfTeX
(/usr/share/texlive/texmf-dist/tex/latex/atveryend/atveryend.sty
Package: atveryend 2019-12-11 v1.11 Hooks at the very end of document (HO)
)
\Fld@listcount=\count288
\c@bookmark@seq@number=\count289
(/usr/share/texlive/texmf-dist/tex/latex/rerunfilecheck/rerunfilecheck.sty
Package: rerunfilecheck 2019/12/05 v1.9 Rerun checks for auxiliary files (HO)
(/usr/share/texlive/texmf-dist/tex/generic/uniquecounter/uniquecounter.sty
Package: uniquecounter 2019/12/15 v1.4 Provide unlimited unique counter (HO)
)
Package uniquecounter Info: New unique counter `rerunfilecheck' on input line 2
86.
)
\Hy@SectionHShift=\skip87
) (/usr/share/texlive/texmf-dist/tex/latex/bookmark/bkm-pdftex.def
File: bkm-pdftex.def 2019/12/03 v1.28 bookmark driver for pdfTeX (HO)
\BKM@id=\count290
)) (/usr/share/texlive/texmf-dist/tex/latex/xurl/xurl.sty
Package: xurl 2020/01/24 v 0.09 modify URL breaks
)
Package hyperref Info: Option `colorlinks' set `true' on input line 91.
\c@theorem=\count291
\c@lemma=\count292
\c@corollary=\count293
\c@proposition=\count294
\c@conjecture=\count295
\c@definition=\count296
\c@example=\count297
\c@exercise=\count298
\c@hypothesis=\count299
(/usr/share/texlive/texmf-dist/tex/latex/l3backend/l3backend-pdfmode.def
File: l3backend-pdfmode.def 2020-02-03 L3 backend support: PDF mode
\l__kernel_color_stack_int=\count300
\l__pdf_internal_box=\box64
) (./draft.aux)
\openout1 = `draft.aux'.

LaTeX Font Info:    Checking defaults for OML/cmm/m/it on input line 113.
LaTeX Font Info:    ... okay on input line 113.
LaTeX Font Info:    Checking defaults for OMS/cmsy/m/n on input line 113.
LaTeX Font Info:    ... okay on input line 113.
LaTeX Font Info:    Checking defaults for OT1/cmr/m/n on input line 113.
LaTeX Font Info:    ... okay on input line 113.
LaTeX Font Info:    Checking defaults for T1/cmr/m/n on input line 113.
LaTeX Font Info:    ... okay on input line 113.
LaTeX Font Info:    Checking defaults for TS1/cmr/m/n on input line 113.
LaTeX Font Info:    ... okay on input line 113.
LaTeX Font Info:    Checking defaults for OMX/cmex/m/n on input line 113.
LaTeX Font Info:    ... okay on input line 113.
LaTeX Font Info:    Checking defaults for U/cmr/m/n on input line 113.
LaTeX Font Info:    ... okay on input line 113.
LaTeX Font Info:    Checking defaults for PD1/pdf/m/n on input line 113.
LaTeX Font Info:    ... okay on input line 113.
LaTeX Font Info:    Checking defaults for PU/pdf/m/n on input line 113.
LaTeX Font Info:    ... okay on input line 113.
LaTeX Info: Redefining \microtypecontext on input line 113.
Package microtype Info: Generating PDF output.
Package microtype Info: Character protrusion enabled (level 2).
Package microtype Info: Using protrusion set `basicmath'.
Package microtype Info: Automatic font expansion enabled (level 2),
(microtype)             stretch: 20, shrink: 20, step: 1, non-selected.
Package microtype Info: Using default expansion set `basictext'.
LaTeX Info: Redefining \showhyphens on input line 113.
Package microtype Info: No adjustment of tracking.
Package microtype Info: No adjustment of interword spacing.
Package microtype Info: No adjustment of character kerning.
(/usr/share/texlive/texmf-dist/tex/latex/microtype/mt-cmr.cfg
File: mt-cmr.cfg 2013/05/19 v2.2 microtype config. file: Computer Modern Roman 
(RS)
) (/usr/share/texlive/texmf-dist/tex/context/base/mkii/supp-pdf.mkii
[Loading MPS to PDF converter (version 2006.09.02).]
\scratchcounter=\count301
\scratchdimen=\dimen191
\scratchbox=\box65
\nofMPsegments=\count302
\nofMParguments=\count303
\everyMPshowfont=\toks36
\MPscratchCnt=\count304
\MPscratchDim=\dimen192
\MPnumerator=\count305
\makeMPintoPDFobject=\count306
\everyMPtoPDFconversion=\toks37
) (/usr/share/texlive/texmf-dist/tex/latex/epstopdf-pkg/epstopdf-base.sty
Package: epstopdf-base 2020-01-24 v2.11 Base part for package epstopdf
Package epstopdf-base Info: Redefining graphics rule for `.eps' on input line 4
85.
(/usr/share/texlive/texmf-dist/tex/latex/latexconfig/epstopdf-sys.cfg
File: epstopdf-sys.cfg 2010/07/13 v1.3 Configuration of (r)epstopdf for TeX Liv
e
))
*geometry* driver: auto-detecting
*geometry* detected driver: pdftex
*geometry* verbose mode - [ preamble ] result:
* driver: pdftex
* paper: <default>
* layout: <same size as paper>
* layoutoffset:(h,v)=(0.0pt,0.0pt)
* modes: 
* h-part:(L,W,R)=(72.26999pt, 469.75502pt, 72.26999pt)
* v-part:(T,H,B)=(72.26999pt, 650.43001pt, 72.26999pt)
* \paperwidth=614.295pt
* \paperheight=794.96999pt
* \textwidth=469.75502pt
* \textheight=650.43001pt
* \oddsidemargin=0.0pt
* \evensidemargin=0.0pt
* \topmargin=-37.0pt
* \headheight=12.0pt
* \headsep=25.0pt
* \topskip=11.0pt
* \footskip=30.0pt
* \marginparwidth=59.0pt
* \marginparsep=10.0pt
* \columnsep=10.0pt
* \skip\footins=10.0pt plus 4.0pt minus 2.0pt
* \hoffset=0.0pt
* \voffset=0.0pt
* \mag=1000
* \@twocolumnfalse
* \@twosidefalse
* \@mparswitchfalse
* \@reversemarginfalse
* (1in=72.27pt=25.4mm, 1cm=28.453pt)

\AtBeginShipoutBox=\box66
Package hyperref Info: Link coloring ON on input line 113.
(/usr/share/texlive/texmf-dist/tex/latex/hyperref/nameref.sty
Package: nameref 2019/09/16 v2.46 Cross-referencing by name of section
(/usr/share/texlive/texmf-dist/tex/latex/refcount/refcount.sty
Package: refcount 2019/12/15 v3.6 Data extraction from label references (HO)
) (/usr/share/texlive/texmf-dist/tex/generic/gettitlestring/gettitlestring.sty
Package: gettitlestring 2019/12/15 v1.6 Cleanup title references (HO)
)
\c@section@level=\count307
)
LaTeX Info: Redefining \ref on input line 113.
LaTeX Info: Redefining \pageref on input line 113.
LaTeX Info: Redefining \nameref on input line 113.
[1

{/var/lib/texmf/fonts/map/pdftex/updmap/pdftex.map}]
LaTeX Font Info:    Trying to load font information for OT1+lmr on input line 1
47.
(/usr/share/texmf/tex/latex/lm/ot1lmr.fd
File: ot1lmr.fd 2009/10/30 v1.6 Font defs for Latin Modern
)
LaTeX Font Info:    Trying to load font information for OML+lmm on input line 1
47.
(/usr/share/texmf/tex/latex/lm/omllmm.fd
File: omllmm.fd 2009/10/30 v1.6 Font defs for Latin Modern
)
LaTeX Font Info:    Trying to load font information for OMS+lmsy on input line 
147.
(/usr/share/texmf/tex/latex/lm/omslmsy.fd
File: omslmsy.fd 2009/10/30 v1.6 Font defs for Latin Modern
)
LaTeX Font Info:    Trying to load font information for OMX+lmex on input line 
147.
(/usr/share/texmf/tex/latex/lm/omxlmex.fd
File: omxlmex.fd 2009/10/30 v1.6 Font defs for Latin Modern
)
LaTeX Font Info:    External font `lmex10' loaded for size
(Font)              <10.95> on input line 147.
LaTeX Font Info:    External font `lmex10' loaded for size
(Font)              <8> on input line 147.
LaTeX Font Info:    External font `lmex10' loaded for size
(Font)              <6> on input line 147.
LaTeX Font Info:    Trying to load font information for U+msa on input line 147
.
(/usr/share/texlive/texmf-dist/tex/latex/amsfonts/umsa.fd
File: umsa.fd 2013/01/14 v3.01 AMS symbols A
) (/usr/share/texlive/texmf-dist/tex/latex/microtype/mt-msa.cfg
File: mt-msa.cfg 2006/02/04 v1.1 microtype config. file: AMS symbols (a) (RS)
)
LaTeX Font Info:    Trying to load font information for U+msb on input line 147
.
(/usr/share/texlive/texmf-dist/tex/latex/amsfonts/umsb.fd
File: umsb.fd 2013/01/14 v3.01 AMS symbols B
) (/usr/share/texlive/texmf-dist/tex/latex/microtype/mt-msb.cfg
File: mt-msb.cfg 2005/06/01 v1.0 microtype config. file: AMS symbols (b) (RS)
) [2] [3] [4] (./draft.toc [1])
\tf@toc=\write4
\openout4 = `draft.toc'.

[2] [3] [4]
<draft_files/figure-latex/friendship-network-1.pdf, id=135, 333.245pt x 202.757
5pt>
File: draft_files/figure-latex/friendship-network-1.pdf Graphic file (type pdf)

<use draft_files/figure-latex/friendship-network-1.pdf>
Package pdftex.def Info: draft_files/figure-latex/friendship-network-1.pdf  use
d on input line 301.
(pdftex.def)             Requested size: 333.25433pt x 202.76318pt.
[5 <./draft_files/figure-latex/friendship-network-1.pdf>] [6] [7] [8] [9]
<draft_files/figure-latex/assort-sbm-1.pdf, id=215, 202.7575pt x 136.51pt>
File: draft_files/figure-latex/assort-sbm-1.pdf Graphic file (type pdf)
<use draft_files/figure-latex/assort-sbm-1.pdf>
Package pdftex.def Info: draft_files/figure-latex/assort-sbm-1.pdf  used on inp
ut line 456.
(pdftex.def)             Requested size: 202.76318pt x 136.51382pt.
[10] [11 <./draft_files/figure-latex/assort-sbm-1.pdf>]
<draft_files/figure-latex/dating-sbm-1.pdf, id=244, 281.05pt x 136.51pt>
File: draft_files/figure-latex/dating-sbm-1.pdf Graphic file (type pdf)
<use draft_files/figure-latex/dating-sbm-1.pdf>
Package pdftex.def Info: draft_files/figure-latex/dating-sbm-1.pdf  used on inp
ut line 482.
(pdftex.def)             Requested size: 281.06645pt x 136.51799pt.
[12 <./draft_files/figure-latex/dating-sbm-1.pdf>] [13] [14]
<draft_files/figure-latex/dating-dcbm-1.pdf, id=309, 281.05pt x 136.51pt>
File: draft_files/figure-latex/dating-dcbm-1.pdf Graphic file (type pdf)
<use draft_files/figure-latex/dating-dcbm-1.pdf>
Package pdftex.def Info: draft_files/figure-latex/dating-dcbm-1.pdf  used on in
put line 608.
(pdftex.def)             Requested size: 281.06645pt x 136.51799pt.
[15] [16 <./draft_files/figure-latex/dating-dcbm-1.pdf>]
<draft_files/figure-latex/dating-pabm-1.pdf, id=341, 281.05pt x 136.51pt>
File: draft_files/figure-latex/dating-pabm-1.pdf Graphic file (type pdf)
<use draft_files/figure-latex/dating-pabm-1.pdf>
Package pdftex.def Info: draft_files/figure-latex/dating-pabm-1.pdf  used on in
put line 644.
(pdftex.def)             Requested size: 281.06645pt x 136.51799pt.
[17 <./draft_files/figure-latex/dating-pabm-1.pdf>] [18] [19] [20]
<draft_files/figure-latex/ase-example-1.pdf, id=403, 326.21875pt x 132.495pt>
File: draft_files/figure-latex/ase-example-1.pdf Graphic file (type pdf)
<use draft_files/figure-latex/ase-example-1.pdf>
Package pdftex.def Info: draft_files/figure-latex/ase-example-1.pdf  used on in
put line 802.
(pdftex.def)             Requested size: 326.24283pt x 132.50476pt.
[21] [22 <./draft_files/figure-latex/ase-example-1.pdf>] [23]
<draft_files/figure-latex/ukfaculty-ase-1.pdf, id=440, 238.8925pt x 166.6225pt>

File: draft_files/figure-latex/ukfaculty-ase-1.pdf Graphic file (type pdf)
<use draft_files/figure-latex/ukfaculty-ase-1.pdf>
Package pdftex.def Info: draft_files/figure-latex/ukfaculty-ase-1.pdf  used on 
input line 887.
(pdftex.def)             Requested size: 238.8919pt x 166.62209pt.
[24] [25 <./draft_files/figure-latex/ukfaculty-ase-1.pdf>] [26] [27] [28] [29] 
[30] [31] [32] [33] [34] [35] [36] [37] [38] [39]
LaTeX Font Info:    Trying to load font information for TS1+lmr on input line 1
557.
(/usr/share/texmf/tex/latex/lm/ts1lmr.fd
File: ts1lmr.fd 2009/10/30 v1.6 Font defs for Latin Modern
)
</home/johnkoo/dev/pabm-grdpg/summary_files/figure-latex/clust_err_ct_sim-1.pdf
, id=683, 614.295pt x 252.945pt>
File: /home/johnkoo/dev/pabm-grdpg/summary_files/figure-latex/clust_err_ct_sim-
1.pdf Graphic file (type pdf)
<use /home/johnkoo/dev/pabm-grdpg/summary_files/figure-latex/clust_err_ct_sim-1
.pdf>
Package pdftex.def Info: /home/johnkoo/dev/pabm-grdpg/summary_files/figure-late
x/clust_err_ct_sim-1.pdf  used on input line 1595.
(pdftex.def)             Requested size: 469.75604pt x 193.42896pt.

Underfull \hbox (badness 10000) in paragraph at lines 1595--1597

 []

[40]
</home/johnkoo/dev/pabm-grdpg/summary_files/figure-latex/lambda_est_p-1.pdf, id
=695, 614.295pt x 252.945pt>
File: /home/johnkoo/dev/pabm-grdpg/summary_files/figure-latex/lambda_est_p-1.pd
f Graphic file (type pdf)
<use /home/johnkoo/dev/pabm-grdpg/summary_files/figure-latex/lambda_est_p-1.pdf
>
Package pdftex.def Info: /home/johnkoo/dev/pabm-grdpg/summary_files/figure-late
x/lambda_est_p-1.pdf  used on input line 1607.
(pdftex.def)             Requested size: 469.75604pt x 193.42896pt.
[41 </home/johnkoo/dev/pabm-grdpg/summary_files/figure-latex/clust_err_ct_sim-1
.pdf>]
</home/johnkoo/dev/pabm-grdpg/summary_files/figure-latex/clust_err_ct_sim_imba-
1.pdf, id=719, 614.295pt x 252.945pt>
File: /home/johnkoo/dev/pabm-grdpg/summary_files/figure-latex/clust_err_ct_sim_
imba-1.pdf Graphic file (type pdf)
<use /home/johnkoo/dev/pabm-grdpg/summary_files/figure-latex/clust_err_ct_sim_i
mba-1.pdf>
Package pdftex.def Info: /home/johnkoo/dev/pabm-grdpg/summary_files/figure-late
x/clust_err_ct_sim_imba-1.pdf  used on input line 1654.
(pdftex.def)             Requested size: 469.75604pt x 193.42896pt.

Underfull \hbox (badness 10000) in paragraph at lines 1654--1657

 []

</home/johnkoo/dev/pabm-grdpg/summary_files/figure-latex/lambda_est_p_imba-1.pd
f, id=720, 614.295pt x 252.945pt>
File: /home/johnkoo/dev/pabm-grdpg/summary_files/figure-latex/lambda_est_p_imba
-1.pdf Graphic file (type pdf)
<use /home/johnkoo/dev/pabm-grdpg/summary_files/figure-latex/lambda_est_p_imba-
1.pdf>
Package pdftex.def Info: /home/johnkoo/dev/pabm-grdpg/summary_files/figure-late
x/lambda_est_p_imba-1.pdf  used on input line 1661.
(pdftex.def)             Requested size: 469.75604pt x 193.42896pt.

Underfull \hbox (badness 10000) in paragraph at lines 1661--1667

 []

[42 </home/johnkoo/dev/pabm-grdpg/summary_files/figure-latex/lambda_est_p-1.pdf
> </home/johnkoo/dev/pabm-grdpg/summary_files/figure-latex/clust_err_ct_sim_imb
a-1.pdf>] [43 </home/johnkoo/dev/pabm-grdpg/summary_files/figure-latex/lambda_e
st_p_imba-1.pdf>]
</home/johnkoo/dev/pabm-grdpg/summary_files/figure-latex/clust_err_k_disassorta
tive.pdf, id=767, 614.295pt x 252.945pt>
File: /home/johnkoo/dev/pabm-grdpg/summary_files/figure-latex/clust_err_k_disas
sortative.pdf Graphic file (type pdf)
<use /home/johnkoo/dev/pabm-grdpg/summary_files/figure-latex/clust_err_k_disass
ortative.pdf>
Package pdftex.def Info: /home/johnkoo/dev/pabm-grdpg/summary_files/figure-late
x/clust_err_k_disassortative.pdf  used on input line 1704.
(pdftex.def)             Requested size: 469.75604pt x 193.42896pt.

Underfull \hbox (badness 10000) in paragraph at lines 1704--1709

 []

</home/johnkoo/dev/pabm-grdpg/summary_files/figure-latex/lambda_est_disassortat
ive.pdf, id=768, 614.295pt x 252.945pt>
File: /home/johnkoo/dev/pabm-grdpg/summary_files/figure-latex/lambda_est_disass
ortative.pdf Graphic file (type pdf)
<use /home/johnkoo/dev/pabm-grdpg/summary_files/figure-latex/lambda_est_disasso
rtative.pdf>
Package pdftex.def Info: /home/johnkoo/dev/pabm-grdpg/summary_files/figure-late
x/lambda_est_disassortative.pdf  used on input line 1714.
(pdftex.def)             Requested size: 469.75604pt x 193.42896pt.

Underfull \hbox (badness 10000) in paragraph at lines 1714--1722

 []

[44 </home/johnkoo/dev/pabm-grdpg/summary_files/figure-latex/clust_err_k_disass
ortative.pdf>] [45 </home/johnkoo/dev/pabm-grdpg/summary_files/figure-latex/lam
bda_est_disassortative.pdf>]
</home/johnkoo/dev/pabm-grdpg/summary_files/figure-latex/butterfly-1.pdf, id=81
1, 144.54pt x 144.54pt>
File: /home/johnkoo/dev/pabm-grdpg/summary_files/figure-latex/butterfly-1.pdf G
raphic file (type pdf)
<use /home/johnkoo/dev/pabm-grdpg/summary_files/figure-latex/butterfly-1.pdf>
Package pdftex.def Info: /home/johnkoo/dev/pabm-grdpg/summary_files/figure-late
x/butterfly-1.pdf  used on input line 1750.
(pdftex.def)             Requested size: 144.54623pt x 144.54623pt.
</home/johnkoo/dev/pabm-grdpg/summary_files/figure-latex/mp-1.pdf, id=824, 578.
16pt x 144.54pt>
File: /home/johnkoo/dev/pabm-grdpg/summary_files/figure-latex/mp-1.pdf Graphic 
file (type pdf)
<use /home/johnkoo/dev/pabm-grdpg/summary_files/figure-latex/mp-1.pdf>
Package pdftex.def Info: /home/johnkoo/dev/pabm-grdpg/summary_files/figure-late
x/mp-1.pdf  used on input line 1769.
(pdftex.def)             Requested size: 469.75385pt x 117.43845pt.

Underfull \hbox (badness 10000) in paragraph at lines 1769--1771
[][]
 []


Underfull \hbox (badness 10000) in paragraph at lines 1769--1771

 []

[46 </home/johnkoo/dev/pabm-grdpg/summary_files/figure-latex/butterfly-1.pdf>]
LaTeX Font Info:    Trying to load font information for T1+lmtt on input line 1
793.
(/usr/share/texmf/tex/latex/lm/t1lmtt.fd
File: t1lmtt.fd 2009/10/30 v1.6 Font defs for Latin Modern
)
</home/johnkoo/dev/pabm-grdpg/summary_files/figure-latex/unnamed-chunk-7-1.pdf,
 id=843, 578.16pt x 144.54pt>
File: /home/johnkoo/dev/pabm-grdpg/summary_files/figure-latex/unnamed-chunk-7-1
.pdf Graphic file (type pdf)
<use /home/johnkoo/dev/pabm-grdpg/summary_files/figure-latex/unnamed-chunk-7-1.
pdf>
Package pdftex.def Info: /home/johnkoo/dev/pabm-grdpg/summary_files/figure-late
x/unnamed-chunk-7-1.pdf  used on input line 1804.
(pdftex.def)             Requested size: 469.75385pt x 117.43845pt.

Underfull \hbox (badness 10000) in paragraph at lines 1804--1806
[][]
 []


Underfull \hbox (badness 10000) in paragraph at lines 1804--1806

 []

[47 </home/johnkoo/dev/pabm-grdpg/summary_files/figure-latex/mp-1.pdf>] [48 </h
ome/johnkoo/dev/pabm-grdpg/summary_files/figure-latex/unnamed-chunk-7-1.pdf>] [
49]
<draft_files/figure-latex/two-curves-1.pdf, id=873, 465.74pt x 118.4425pt>
File: draft_files/figure-latex/two-curves-1.pdf Graphic file (type pdf)
<use draft_files/figure-latex/two-curves-1.pdf>
Package pdftex.def Info: draft_files/figure-latex/two-curves-1.pdf  used on inp
ut line 1887.
(pdftex.def)             Requested size: 465.75307pt x 118.4458pt.
[50] [51 <./draft_files/figure-latex/two-curves-1.pdf>] [52]
<draft_files/figure-latex/two-curves-2-1.pdf, id=927, 410.53375pt x 85.31876pt>

File: draft_files/figure-latex/two-curves-2-1.pdf Graphic file (type pdf)
<use draft_files/figure-latex/two-curves-2-1.pdf>
Package pdftex.def Info: draft_files/figure-latex/two-curves-2-1.pdf  used on i
nput line 1953.
(pdftex.def)             Requested size: 410.53275pt x 85.31853pt.
[53 <./draft_files/figure-latex/two-curves-2-1.pdf>]
<draft_files/figure-latex/intersect-curves-example-1.pdf, id=947, 508.90125pt x
 136.51pt>
File: draft_files/figure-latex/intersect-curves-example-1.pdf Graphic file (typ
e pdf)
<use draft_files/figure-latex/intersect-curves-example-1.pdf>
Package pdftex.def Info: draft_files/figure-latex/intersect-curves-example-1.pd
f  used on input line 1998.
(pdftex.def)             Requested size: 469.77116pt x 126.01355pt.
[54 <./draft_files/figure-latex/intersect-curves-example-1.pdf>]
<draft_files/figure-latex/intersect-curves-2-1.pdf, id=973, 99.37125pt x 132.49
5pt>
File: draft_files/figure-latex/intersect-curves-2-1.pdf Graphic file (type pdf)

<use draft_files/figure-latex/intersect-curves-2-1.pdf>
Package pdftex.def Info: draft_files/figure-latex/intersect-curves-2-1.pdf  use
d on input line 2050.
(pdftex.def)             Requested size: 99.37402pt x 132.49869pt.
[55]
</home/johnkoo/dev/manifold-block-models/draft/draft_files/figure-latex/unnamed
-chunk-7-1.pdf, id=1001, 416.55624pt x 351.3125pt>
File: /home/johnkoo/dev/manifold-block-models/draft/draft_files/figure-latex/un
named-chunk-7-1.pdf Graphic file (type pdf)
<use /home/johnkoo/dev/manifold-block-models/draft/draft_files/figure-latex/unn
amed-chunk-7-1.pdf>
Package pdftex.def Info: /home/johnkoo/dev/manifold-block-models/draft/draft_fi
les/figure-latex/unnamed-chunk-7-1.pdf  used on input line 2065.
(pdftex.def)             Requested size: 416.57428pt x 351.3277pt.
[56 <./draft_files/figure-latex/intersect-curves-2-1.pdf>]
</home/johnkoo/dev/manifold-block-models/draft/draft_files/figure-latex/unnamed
-chunk-6-1.pdf, id=1016, 417.56pt x 137.51375pt>
File: /home/johnkoo/dev/manifold-block-models/draft/draft_files/figure-latex/un
named-chunk-6-1.pdf Graphic file (type pdf)
<use /home/johnkoo/dev/manifold-block-models/draft/draft_files/figure-latex/unn
amed-chunk-6-1.pdf>
Package pdftex.def Info: /home/johnkoo/dev/manifold-block-models/draft/draft_fi
les/figure-latex/unnamed-chunk-6-1.pdf  used on input line 2074.
(pdftex.def)             Requested size: 417.58444pt x 137.5218pt.
[57 </home/johnkoo/dev/manifold-block-models/draft/draft_files/figure-latex/unn
amed-chunk-7-1.pdf>]
<draft_files/figure-latex/sim-curves-1.pdf, id=1035, 566.115pt x 204.765pt>
File: draft_files/figure-latex/sim-curves-1.pdf Graphic file (type pdf)
<use draft_files/figure-latex/sim-curves-1.pdf>
Package pdftex.def Info: draft_files/figure-latex/sim-curves-1.pdf  used on inp
ut line 2121.
(pdftex.def)             Requested size: 469.76303pt x 169.91426pt.
[58 </home/johnkoo/dev/manifold-block-models/draft/draft_files/figure-latex/unn
amed-chunk-6-1.pdf>]
<draft_files/figure-latex/repeat-losses-1.pdf, id=1055, 568.1225pt x 208.78pt>
File: draft_files/figure-latex/repeat-losses-1.pdf Graphic file (type pdf)
<use draft_files/figure-latex/repeat-losses-1.pdf>
Package pdftex.def Info: draft_files/figure-latex/repeat-losses-1.pdf  used on 
input line 2135.
(pdftex.def)             Requested size: 469.7731pt x 172.63744pt.
<draft_files/figure-latex/repeat-curves-1.pdf, id=1056, 427.5975pt x 168.63pt>
File: draft_files/figure-latex/repeat-curves-1.pdf Graphic file (type pdf)
<use draft_files/figure-latex/repeat-curves-1.pdf>
Package pdftex.def Info: draft_files/figure-latex/repeat-curves-1.pdf  used on 
input line 2144.
(pdftex.def)             Requested size: 427.59645pt x 168.62958pt.
[59 <./draft_files/figure-latex/sim-curves-1.pdf> <./draft_files/figure-latex/r
epeat-losses-1.pdf>]
<draft_files/figure-latex/three-curves-1.pdf, id=1080, 401.5pt x 121.45375pt>
File: draft_files/figure-latex/three-curves-1.pdf Graphic file (type pdf)
<use draft_files/figure-latex/three-curves-1.pdf>
Package pdftex.def Info: draft_files/figure-latex/three-curves-1.pdf  used on i
nput line 2182.
(pdftex.def)             Requested size: 401.49901pt x 121.45343pt.
[60 <./draft_files/figure-latex/repeat-curves-1.pdf> <./draft_files/figure-late
x/three-curves-1.pdf>]
<draft_files/figure-latex/sim-curves-3-1.pdf, id=1111, 566.115pt x 204.765pt>
File: draft_files/figure-latex/sim-curves-3-1.pdf Graphic file (type pdf)
<use draft_files/figure-latex/sim-curves-3-1.pdf>
Package pdftex.def Info: draft_files/figure-latex/sim-curves-3-1.pdf  used on i
nput line 2197.
(pdftex.def)             Requested size: 469.76303pt x 169.91426pt.
<draft_files/figure-latex/macaque-graph-1.pdf, id=1118, 202.7575pt x 136.51pt>
File: draft_files/figure-latex/macaque-graph-1.pdf Graphic file (type pdf)
<use draft_files/figure-latex/macaque-graph-1.pdf>
Package pdftex.def Info: draft_files/figure-latex/macaque-graph-1.pdf  used on 
input line 2215.
(pdftex.def)             Requested size: 202.76318pt x 136.51382pt.
[61 <./draft_files/figure-latex/sim-curves-3-1.pdf>]
<draft_files/figure-latex/macaque-ase-1.pdf, id=1137, 154.5775pt x 133.49875pt>

File: draft_files/figure-latex/macaque-ase-1.pdf Graphic file (type pdf)
<use draft_files/figure-latex/macaque-ase-1.pdf>
Package pdftex.def Info: draft_files/figure-latex/macaque-ase-1.pdf  used on in
put line 2224.
(pdftex.def)             Requested size: 154.59125pt x 133.5106pt.
<draft_files/figure-latex/macaque-fitted-1.pdf, id=1138, 117.43875pt x 133.4987
5pt>
File: draft_files/figure-latex/macaque-fitted-1.pdf Graphic file (type pdf)
<use draft_files/figure-latex/macaque-fitted-1.pdf>
Package pdftex.def Info: draft_files/figure-latex/macaque-fitted-1.pdf  used on
 input line 2233.
(pdftex.def)             Requested size: 117.43845pt x 133.4984pt.
[62 <./draft_files/figure-latex/macaque-graph-1.pdf> <./draft_files/figure-late
x/macaque-ase-1.pdf> <./draft_files/figure-latex/macaque-fitted-1.pdf>]
<draft_files/figure-latex/hp-1.pdf, id=1175, 236.885pt x 124.465pt>
File: draft_files/figure-latex/hp-1.pdf Graphic file (type pdf)
<use draft_files/figure-latex/hp-1.pdf>
Package pdftex.def Info: draft_files/figure-latex/hp-1.pdf  used on input line 
2251.
(pdftex.def)             Requested size: 236.88802pt x 124.46658pt.
<draft_files/figure-latex/hp-ase-1.pdf, id=1176, 712.6625pt x 206.7725pt>
File: draft_files/figure-latex/hp-ase-1.pdf Graphic file (type pdf)
<use draft_files/figure-latex/hp-ase-1.pdf>
Package pdftex.def Info: draft_files/figure-latex/hp-ase-1.pdf  used on input l
ine 2260.
(pdftex.def)             Requested size: 469.74974pt x 136.29358pt.
<draft_files/figure-latex/hp-kcurves-1.pdf, id=1177, 672.5125pt x 206.7725pt>
File: draft_files/figure-latex/hp-kcurves-1.pdf Graphic file (type pdf)
<use draft_files/figure-latex/hp-kcurves-1.pdf>
Package pdftex.def Info: draft_files/figure-latex/hp-kcurves-1.pdf  used on inp
ut line 2269.
(pdftex.def)             Requested size: 469.76015pt x 144.43372pt.
[63 <./draft_files/figure-latex/hp-1.pdf> <./draft_files/figure-latex/hp-ase-1.
pdf>]
<draft_files/figure-latex/mbconnectome-graph-1.pdf, id=1212, 333.245pt x 136.51
pt>
File: draft_files/figure-latex/mbconnectome-graph-1.pdf Graphic file (type pdf)

<use draft_files/figure-latex/mbconnectome-graph-1.pdf>
Package pdftex.def Info: draft_files/figure-latex/mbconnectome-graph-1.pdf  use
d on input line 2286.
(pdftex.def)             Requested size: 333.2645pt x 136.51799pt.
<draft_files/figure-latex/mbconnectome-ase-1.pdf, id=1213, 185.69376pt x 132.49
5pt>
File: draft_files/figure-latex/mbconnectome-ase-1.pdf Graphic file (type pdf)
<use draft_files/figure-latex/mbconnectome-ase-1.pdf>
Package pdftex.def Info: draft_files/figure-latex/mbconnectome-ase-1.pdf  used 
on input line 2295.
(pdftex.def)             Requested size: 185.69896pt x 132.49869pt.
[64 <./draft_files/figure-latex/hp-kcurves-1.pdf> <./draft_files/figure-latex/m
bconnectome-graph-1.pdf>]
<draft_files/figure-latex/mbconnectome-kcurves-1.pdf, id=1237, 189.70876pt x 13
2.495pt>
File: draft_files/figure-latex/mbconnectome-kcurves-1.pdf Graphic file (type pd
f)
<use draft_files/figure-latex/mbconnectome-kcurves-1.pdf>
Package pdftex.def Info: draft_files/figure-latex/mbconnectome-kcurves-1.pdf  u
sed on input line 2304.
(pdftex.def)             Requested size: 189.71117pt x 132.49667pt.
[65 <./draft_files/figure-latex/mbconnectome-ase-1.pdf> <./draft_files/figure-l
atex/mbconnectome-kcurves-1.pdf>] [66] [67] [68] [69] [70] [71] [72] [73] [74] 
[75]

LaTeX Warning: Reference `(' on page 76 undefined on input line 2688.

[76] (./draft.bbl [77] [78] [79] [80])
Package atveryend Info: Empty hook `BeforeClearDocument' on input line 2696.
[81]
Package atveryend Info: Empty hook `AfterLastShipout' on input line 2696.
(./draft.aux)
Package atveryend Info: Executing hook `AtVeryEndDocument' on input line 2696.
Package atveryend Info: Empty hook `AtEndAfterFileList' on input line 2696.

LaTeX Warning: There were undefined references.

 ) 
Here is how much of TeX's memory you used:
 16852 strings out of 481239
 259491 string characters out of 5920377
 579313 words of memory out of 5000000
 31276 multiletter control sequences out of 15000+600000
 595754 words of font info for 127 fonts, out of 8000000 for 9000
 1141 hyphenation exceptions out of 8191
 41i,21n,42p,1416b,663s stack positions out of 5000i,500n,10000p,200000b,80000s
{/usr/share/texmf/fonts/enc/dvips/lm/lm-ec.enc}{/usr/share/texmf/fonts/enc/dv
ips/lm/lm-ts1.enc}{/usr/share/texmf/fonts/enc/dvips/lm/lm-mathsy.enc}{/usr/shar
e/texmf/fonts/enc/dvips/lm/lm-mathit.enc}{/usr/share/texmf/fonts/enc/dvips/lm/l
m-rm.enc}{/usr/share/texmf/fonts/enc/dvips/lm/lm-mathex.enc}</usr/share/texmf/f
onts/type1/public/lm/lmbx10.pfb></usr/share/texmf/fonts/type1/public/lm/lmbx12.
pfb></usr/share/texmf/fonts/type1/public/lm/lmbx8.pfb></usr/share/texmf/fonts/t
ype1/public/lm/lmcsc10.pfb></usr/share/texmf/fonts/type1/public/lm/lmex10.pfb><
/usr/share/texmf/fonts/type1/public/lm/lmmi10.pfb></usr/share/texmf/fonts/type1
/public/lm/lmmi6.pfb></usr/share/texmf/fonts/type1/public/lm/lmmi8.pfb></usr/sh
are/texmf/fonts/type1/public/lm/lmr10.pfb></usr/share/texmf/fonts/type1/public/
lm/lmr17.pfb></usr/share/texmf/fonts/type1/public/lm/lmr6.pfb></usr/share/texmf
/fonts/type1/public/lm/lmr8.pfb></usr/share/texmf/fonts/type1/public/lm/lmri10.
pfb></usr/share/texmf/fonts/type1/public/lm/lmsy10.pfb></usr/share/texmf/fonts/
type1/public/lm/lmsy6.pfb></usr/share/texmf/fonts/type1/public/lm/lmsy8.pfb></u
sr/share/texmf/fonts/type1/public/lm/lmtt10.pfb></usr/share/texlive/texmf-dist/
fonts/type1/public/amsfonts/symbols/msbm10.pfb>
Output written on draft.pdf (85 pages, 16277496 bytes).
PDF statistics:
 1655 PDF objects out of 1728 (max. 8388607)
 1425 compressed objects within 15 object streams
 389 named destinations out of 1000 (max. 500000)
 8581 words of extra memory for PDF output out of 10000 (max. 10000000)

